<?xml version="1.0" encoding="UTF-8"?>
<!-- Generated by org.testng.reporters.JUnitReportReporter -->
<testsuite hostname="Mahesha-SR-PC" failures="0" tests="2" name="tests.LoginTest" time="47.476" errors="0" timestamp="15 Jun 2022 09:21:55 GMT" skipped="0">
  <testcase classname="tests.LoginTest" name="login" time="27.500"/>
  <testcase classname="tests.LoginTest" name="login" time="19.976"/>
</testsuite> <!-- tests.LoginTest -->
