<?xml version="1.0" encoding="UTF-8"?>
<!-- Generated by org.testng.reporters.JUnitReportReporter -->
<testsuite hostname="Mahesha-SR-PC" failures="0" tests="1" name="tests.TwoTest" time="28.371" errors="0" timestamp="15 Jun 2022 09:21:55 GMT" skipped="0">
  <testcase classname="tests.TwoTest" name="twotest" time="28.371"/>
</testsuite> <!-- tests.TwoTest -->
