<?xml version="1.0" encoding="UTF-8"?>
<!-- Generated by org.testng.reporters.JUnitReportReporter -->
<testsuite hostname="Mahesha-SR-PC" failures="0" tests="1" name="runner.Runner" time="16.741" errors="0" timestamp="16 Jun 2022 07:38:45 GMT" skipped="0">
  <testcase classname="runner.Runner" name="runScenario" time="16.741"/>
</testsuite> <!-- runner.Runner -->
