<?xml version="1.0" encoding="UTF-8"?>
<!-- Generated by org.testng.reporters.JUnitReportReporter -->
<testsuite skipped="0" hostname="Mahesha-SR-PC" name="runner.Runner" tests="1" failures="0" timestamp="2022-06-16T13:16:18 IST" time="17.113" errors="0">
  <testcase name="runScenario" time="17.113" classname="runner.Runner"/>
  <system-out/>
</testsuite> <!-- runner.Runner -->
