<?xml version="1.0" encoding="UTF-8"?>
<!-- Generated by org.testng.reporters.JUnitReportReporter -->
<testsuite skipped="0" hostname="Mahesha-SR-PC" name="tests.FourTest" tests="1" failures="0" timestamp="2022-06-14T17:34:25 IST" time="0.010" errors="0">
  <testcase name="fourtest" time="0.010" classname="tests.FourTest"/>
  <system-out/>
</testsuite> <!-- tests.FourTest -->
