<?xml version="1.0" encoding="UTF-8"?>
<!-- Generated by org.testng.reporters.JUnitReportReporter -->
<testsuite skipped="0" hostname="Mahesha-SR-PC" name="tests.ThreeTest" tests="1" failures="0" timestamp="2022-06-14T17:34:25 IST" time="0.001" errors="0">
  <testcase name="threetest" time="0.001" classname="tests.ThreeTest"/>
  <system-out/>
</testsuite> <!-- tests.ThreeTest -->
