<?xml version="1.0" encoding="UTF-8"?>
<!-- Generated by org.testng.reporters.JUnitReportReporter -->
<testsuite skipped="0" hostname="Mahesha-SR-PC" name="tests.LoginTest" tests="2" failures="0" timestamp="2022-06-14T17:34:25 IST" time="34.434" errors="0">
  <testcase name="login" time="23.022" classname="tests.LoginTest"/>
  <system-out/>
  <testcase name="login" time="11.412" classname="tests.LoginTest"/>
  <system-out/>
</testsuite> <!-- tests.LoginTest -->
